[2012-06-29 11:41:21] request.ERROR: Symfony\Component\HttpKernel\Exception\NotFoundHttpException: No route found for "GET /Symfony/web/app_dev.php/parse" (uncaught exception) at /var/www/html/Symfony/vendor/symfony/src/Symfony/Bundle/FrameworkBundle/EventListener/RouterListener.php line 83 [] []
[2012-06-29 11:50:29] request.INFO: Matched route "_parse" (parameters: "_controller": "Lobama\Social2PrintBundle\Controller\DefaultController::parseAction", "_route": "_parse") [] []
[2012-06-29 11:50:29] request.CRITICAL: LogicException: The controller must return a response (null given). Did you forget to add a return statement somewhere in your controller? (uncaught exception) at /var/www/html/Symfony/app/cache/prod/classes.php line 3917 [] []
[2012-06-29 11:51:36] request.INFO: Matched route "_parse" (parameters: "_controller": "Lobama\Social2PrintBundle\Controller\DefaultController::parseAction", "_route": "_parse") [] []
[2012-06-29 11:51:36] request.CRITICAL: LogicException: The controller must return a response (null given). Did you forget to add a return statement somewhere in your controller? (uncaught exception) at /var/www/html/Symfony/app/cache/prod/classes.php line 3917 [] []
[2012-06-29 11:53:47] request.INFO: Matched route "_parse" (parameters: "_controller": "Lobama\Social2PrintBundle\Controller\DefaultController::parseAction", "_route": "_parse") [] []
[2012-06-29 11:53:47] request.CRITICAL: LogicException: The controller must return a response (null given). Did you forget to add a return statement somewhere in your controller? (uncaught exception) at /var/www/html/Symfony/app/cache/prod/classes.php line 3917 [] []
[2012-06-29 16:17:39] request.ERROR: Symfony\Component\HttpKernel\Exception\NotFoundHttpException: No route found for "GET /bundles/lobamasocial2print/styles/debug/base.css" (uncaught exception) at /var/www/html/Symfony/app/cache/prod/classes.php line 4560 [] []
[2012-06-29 16:20:31] request.ERROR: Symfony\Component\HttpKernel\Exception\NotFoundHttpException: No route found for "GET /bundles/lobamasocial2print/style/debug/base.css" (uncaught exception) at /var/www/html/Symfony/app/cache/prod/classes.php line 4560 [] []
[2012-07-02 11:34:53] request.ERROR: Symfony\Component\HttpKernel\Exception\NotFoundHttpException: No route found for "GET /Array" (uncaught exception) at /var/www/html/Symfony/app/cache/prod/classes.php line 4560 [] []
[2012-07-11 11:15:03] request.ERROR: Symfony\Component\HttpKernel\Exception\NotFoundHttpException: No route found for "GET /bundles/lobamaposter/scripts/debug/libs/yepnope.min.js" (uncaught exception) at /var/www/html/Symfony/app/cache/prod/classes.php line 4560 [] []
[2012-07-11 12:27:06] request.ERROR: Symfony\Component\HttpKernel\Exception\NotFoundHttpException: No route found for "GET /bundles/lobamaposter/scripts/debug/libs/yepnope.min.js" (uncaught exception) at /var/www/html/Symfony/app/cache/prod/classes.php line 4560 [] []
[2012-07-11 12:33:41] request.ERROR: Symfony\Component\HttpKernel\Exception\NotFoundHttpException: No route found for "GET /scripts/debug/s2pHelper.js" (uncaught exception) at /var/www/html/Symfony/app/cache/prod/classes.php line 4560 [] []
[2012-07-11 12:33:41] request.ERROR: Symfony\Component\HttpKernel\Exception\NotFoundHttpException: No route found for "GET /styles/debug/s2pPosterPreviewLoader.css" (uncaught exception) at /var/www/html/Symfony/app/cache/prod/classes.php line 4560 [] []
[2012-07-11 12:33:41] request.ERROR: Symfony\Component\HttpKernel\Exception\NotFoundHttpException: No route found for "GET /scripts/debug/s2pPosterPreviewLoader.js" (uncaught exception) at /var/www/html/Symfony/app/cache/prod/classes.php line 4560 [] []
[2012-07-11 12:33:41] request.ERROR: Symfony\Component\HttpKernel\Exception\NotFoundHttpException: No route found for "GET /styles/debug/base.css" (uncaught exception) at /var/www/html/Symfony/app/cache/prod/classes.php line 4560 [] []
[2012-07-11 12:33:41] request.ERROR: Symfony\Component\HttpKernel\Exception\NotFoundHttpException: No route found for "GET /scripts/debug/libs/jquery-ui-1.8.16.custom.min.js" (uncaught exception) at /var/www/html/Symfony/app/cache/prod/classes.php line 4560 [] []
[2012-07-11 12:33:41] request.ERROR: Symfony\Component\HttpKernel\Exception\NotFoundHttpException: No route found for "GET /scripts/debug/libs/jquery-ui-1.8.16.custom.min.js" (uncaught exception) at /var/www/html/Symfony/app/cache/prod/classes.php line 4560 [] []
[2012-07-11 12:33:51] request.ERROR: Symfony\Component\HttpKernel\Exception\NotFoundHttpException: No route found for "GET /scripts/debug/s2pHelper.js" (uncaught exception) at /var/www/html/Symfony/app/cache/prod/classes.php line 4560 [] []
[2012-07-11 12:34:01] request.ERROR: Symfony\Component\HttpKernel\Exception\NotFoundHttpException: No route found for "GET /scripts/debug/s2pPosterPreviewLoader.js" (uncaught exception) at /var/www/html/Symfony/app/cache/prod/classes.php line 4560 [] []
[2012-07-11 12:34:11] request.ERROR: Symfony\Component\HttpKernel\Exception\NotFoundHttpException: No route found for "GET /styles/debug/base.css" (uncaught exception) at /var/www/html/Symfony/app/cache/prod/classes.php line 4560 [] []
[2012-07-11 12:34:21] request.ERROR: Symfony\Component\HttpKernel\Exception\NotFoundHttpException: No route found for "GET /styles/debug/s2pPosterPreviewLoader.css" (uncaught exception) at /var/www/html/Symfony/app/cache/prod/classes.php line 4560 [] []
[2012-07-11 12:38:28] request.ERROR: Symfony\Component\HttpKernel\Exception\NotFoundHttpException: No route found for "GET /scripts/debug/s2pHelper.js" (uncaught exception) at /var/www/html/Symfony/app/cache/prod/classes.php line 4560 [] []
[2012-07-11 12:38:28] request.ERROR: Symfony\Component\HttpKernel\Exception\NotFoundHttpException: No route found for "GET /styles/debug/base.css" (uncaught exception) at /var/www/html/Symfony/app/cache/prod/classes.php line 4560 [] []
[2012-07-11 12:38:28] request.ERROR: Symfony\Component\HttpKernel\Exception\NotFoundHttpException: No route found for "GET /scripts/debug/libs/jquery-ui-1.8.16.custom.min.js" (uncaught exception) at /var/www/html/Symfony/app/cache/prod/classes.php line 4560 [] []
[2012-07-11 12:38:28] request.ERROR: Symfony\Component\HttpKernel\Exception\NotFoundHttpException: No route found for "GET /styles/debug/s2pPosterPreviewLoader.css" (uncaught exception) at /var/www/html/Symfony/app/cache/prod/classes.php line 4560 [] []
[2012-07-11 12:38:28] request.ERROR: Symfony\Component\HttpKernel\Exception\NotFoundHttpException: No route found for "GET /scripts/debug/s2pPosterPreviewLoader.js" (uncaught exception) at /var/www/html/Symfony/app/cache/prod/classes.php line 4560 [] []
[2012-07-11 12:38:28] request.ERROR: Symfony\Component\HttpKernel\Exception\NotFoundHttpException: No route found for "GET /scripts/debug/libs/jquery-ui-1.8.16.custom.min.js" (uncaught exception) at /var/www/html/Symfony/app/cache/prod/classes.php line 4560 [] []
[2012-07-11 12:38:38] request.ERROR: Symfony\Component\HttpKernel\Exception\NotFoundHttpException: No route found for "GET /scripts/debug/s2pHelper.js" (uncaught exception) at /var/www/html/Symfony/app/cache/prod/classes.php line 4560 [] []
[2012-07-11 12:44:01] request.ERROR: Symfony\Component\HttpKernel\Exception\NotFoundHttpException: No route found for "GET /web/bundles/lobamasocial2printstyles/debug/base.css" (uncaught exception) at /var/www/html/Symfony/app/cache/prod/classes.php line 4560 [] []
[2012-07-11 12:44:01] request.ERROR: Symfony\Component\HttpKernel\Exception\NotFoundHttpException: No route found for "GET /web/bundles/lobamasocial2printscripts/debug/s2pPosterPreviewLoader.js" (uncaught exception) at /var/www/html/Symfony/app/cache/prod/classes.php line 4560 [] []
[2012-07-11 12:44:01] request.ERROR: Symfony\Component\HttpKernel\Exception\NotFoundHttpException: No route found for "GET /web/bundles/lobamasocial2printscripts/debug/libs/jquery-ui-1.8.16.custom.min.js" (uncaught exception) at /var/www/html/Symfony/app/cache/prod/classes.php line 4560 [] []
[2012-07-11 12:44:01] request.ERROR: Symfony\Component\HttpKernel\Exception\NotFoundHttpException: No route found for "GET /web/bundles/lobamasocial2printscripts/debug/s2pHelper.js" (uncaught exception) at /var/www/html/Symfony/app/cache/prod/classes.php line 4560 [] []
[2012-07-11 12:44:01] request.ERROR: Symfony\Component\HttpKernel\Exception\NotFoundHttpException: No route found for "GET /web/bundles/lobamasocial2printstyles/debug/s2pPosterPreviewLoader.css" (uncaught exception) at /var/www/html/Symfony/app/cache/prod/classes.php line 4560 [] []
[2012-07-11 12:44:01] request.ERROR: Symfony\Component\HttpKernel\Exception\NotFoundHttpException: No route found for "GET /web/bundles/lobamasocial2printscripts/debug/libs/jquery-ui-1.8.16.custom.min.js" (uncaught exception) at /var/www/html/Symfony/app/cache/prod/classes.php line 4560 [] []
[2012-07-11 12:44:11] request.ERROR: Symfony\Component\HttpKernel\Exception\NotFoundHttpException: No route found for "GET /web/bundles/lobamasocial2printscripts/debug/s2pHelper.js" (uncaught exception) at /var/www/html/Symfony/app/cache/prod/classes.php line 4560 [] []
[2012-07-11 12:44:21] request.ERROR: Symfony\Component\HttpKernel\Exception\NotFoundHttpException: No route found for "GET /web/bundles/lobamasocial2printscripts/debug/s2pPosterPreviewLoader.js" (uncaught exception) at /var/www/html/Symfony/app/cache/prod/classes.php line 4560 [] []
[2012-07-11 12:44:31] request.ERROR: Symfony\Component\HttpKernel\Exception\NotFoundHttpException: No route found for "GET /web/bundles/lobamasocial2print/scripts/debug/s2pPosterPreviewLoader.js" (uncaught exception) at /var/www/html/Symfony/app/cache/prod/classes.php line 4560 [] []
[2012-07-11 12:44:31] request.ERROR: Symfony\Component\HttpKernel\Exception\NotFoundHttpException: No route found for "GET /web/bundles/lobamasocial2print/scripts/debug/s2pHelper.js" (uncaught exception) at /var/www/html/Symfony/app/cache/prod/classes.php line 4560 [] []
[2012-07-11 12:44:31] request.ERROR: Symfony\Component\HttpKernel\Exception\NotFoundHttpException: No route found for "GET /web/bundles/lobamasocial2print/styles/debug/base.css" (uncaught exception) at /var/www/html/Symfony/app/cache/prod/classes.php line 4560 [] []
[2012-07-11 12:44:31] request.ERROR: Symfony\Component\HttpKernel\Exception\NotFoundHttpException: No route found for "GET /web/bundles/lobamasocial2print/styles/debug/s2pPosterPreviewLoader.css" (uncaught exception) at /var/www/html/Symfony/app/cache/prod/classes.php line 4560 [] []
[2012-07-11 12:44:31] request.ERROR: Symfony\Component\HttpKernel\Exception\NotFoundHttpException: No route found for "GET /web/bundles/lobamasocial2print/scripts/debug/libs/jquery-ui-1.8.16.custom.min.js" (uncaught exception) at /var/www/html/Symfony/app/cache/prod/classes.php line 4560 [] []
[2012-07-11 12:44:31] request.ERROR: Symfony\Component\HttpKernel\Exception\NotFoundHttpException: No route found for "GET /web/bundles/lobamasocial2print/scripts/debug/libs/jquery-ui-1.8.16.custom.min.js" (uncaught exception) at /var/www/html/Symfony/app/cache/prod/classes.php line 4560 [] []
[2012-07-11 12:44:41] request.ERROR: Symfony\Component\HttpKernel\Exception\NotFoundHttpException: No route found for "GET /web/bundles/lobamasocial2print/scripts/debug/s2pHelper.js" (uncaught exception) at /var/www/html/Symfony/app/cache/prod/classes.php line 4560 [] []
[2012-07-11 12:44:51] request.ERROR: Symfony\Component\HttpKernel\Exception\NotFoundHttpException: No route found for "GET /web/bundles/lobamasocial2print/scripts/debug/s2pPosterPreviewLoader.js" (uncaught exception) at /var/www/html/Symfony/app/cache/prod/classes.php line 4560 [] []
[2012-07-11 12:45:01] request.ERROR: Symfony\Component\HttpKernel\Exception\NotFoundHttpException: No route found for "GET /web/bundles/lobamasocial2print/styles/debug/base.css" (uncaught exception) at /var/www/html/Symfony/app/cache/prod/classes.php line 4560 [] []
[2012-07-11 12:45:11] request.ERROR: Symfony\Component\HttpKernel\Exception\NotFoundHttpException: No route found for "GET /web/bundles/lobamasocial2print/styles/debug/s2pPosterPreviewLoader.css" (uncaught exception) at /var/www/html/Symfony/app/cache/prod/classes.php line 4560 [] []
[2012-07-11 12:45:26] request.ERROR: Symfony\Component\HttpKernel\Exception\NotFoundHttpException: No route found for "GET /bundles/lobamasocial2print/scripts/debug/s2pHelper.js" (uncaught exception) at /var/www/html/Symfony/app/cache/prod/classes.php line 4560 [] []
[2012-07-11 12:45:26] request.ERROR: Symfony\Component\HttpKernel\Exception\NotFoundHttpException: No route found for "GET /bundles/lobamasocial2print/scripts/debug/s2pPosterPreviewLoader.js" (uncaught exception) at /var/www/html/Symfony/app/cache/prod/classes.php line 4560 [] []
[2012-07-11 12:45:26] request.ERROR: Symfony\Component\HttpKernel\Exception\NotFoundHttpException: No route found for "GET /bundles/lobamasocial2print/scripts/debug/s2pHelper.js" (uncaught exception) at /var/www/html/Symfony/app/cache/prod/classes.php line 4560 [] []
[2012-07-11 12:45:36] request.ERROR: Symfony\Component\HttpKernel\Exception\NotFoundHttpException: No route found for "GET /bundles/lobamasocial2print/scripts/debug/s2pPosterPreviewLoader.js" (uncaught exception) at /var/www/html/Symfony/app/cache/prod/classes.php line 4560 [] []
[2012-07-12 15:14:52] request.INFO: Matched route "_index" (parameters: "_controller": "Lobama\Social2PrintBundle\Controller\DefaultController::indexAction", "_route": "_index") [] []
[2012-07-12 15:14:52] request.CRITICAL: InvalidArgumentException: The parameter "facebook_app_id" must be defined. (uncaught exception) at /var/www/html/Symfony/app/cache/prod/appProdProjectContainer.php line 631 [] []
[2012-07-12 15:16:20] request.INFO: Matched route "_index" (parameters: "_controller": "Lobama\Social2PrintBundle\Controller\DefaultController::indexAction", "_route": "_index") [] []
[2012-07-12 15:16:20] request.CRITICAL: InvalidArgumentException: The parameter "facebook_app_id" must be defined. (uncaught exception) at /var/www/html/Symfony/app/cache/prod/appProdProjectContainer.php line 631 [] []
[2012-07-12 15:16:32] request.ERROR: Symfony\Component\HttpKernel\Exception\NotFoundHttpException: No route found for "GET /preview_images/" (uncaught exception) at /var/www/html/Symfony/app/cache/prod/classes.php line 4560 [] []
